<?xml version="1.0" encoding="UTF-8"?>
<!-- Generated by org.testng.reporters.JUnitXMLReporter -->
<testsuite hostname="LAPTOP-J0MOH79M" ignored="0" name="Default test" tests="6" failures="0" timestamp="2020-10-21T12:50:26 IDT" time="55.929" errors="0">
  <testcase name="tc01_OpenLogin" time="5.01" classname="Tests.RunningSoftware"/>
  <testcase name="tc02_TestingCalculationSoftware" time="0.313" classname="Tests.RunningSoftware"/>
  <testcase name="tc03_OpeningQuizPage" time="3.006" classname="Tests.RunningSoftware"/>
  <testcase name="tc04_ChooseTemplateOfQuiz" time="12.735" classname="Tests.RunningSoftware"/>
  <testcase name="tc05_AnsweringTheQuestions" time="25.261" classname="Tests.RunningSoftware"/>
  <testcase name="tc06_backToTemplate" time="0.123" classname="Tests.RunningSoftware"/>
</testsuite> <!-- Default test -->
