<?xml version="1.0" encoding="UTF-8"?>
<!-- Generated by org.testng.reporters.JUnitXMLReporter -->
<testsuite hostname="LAPTOP-J0MOH79M" ignored="0" name="Test" tests="29" failures="0" timestamp="2020-10-21T13:47:22 IDT" time="312.995" errors="0">
  <testcase name="tc01_OpenLogin" time="5.971" classname="Tests.RunningSoftware"/>
  <testcase name="tc02_TestingCalculationSoftware" time="0.668" classname="Tests.RunningSoftware"/>
  <testcase name="tc03_OpeningQuizPage" time="3.274" classname="Tests.RunningSoftware"/>
  <testcase name="tc04_ChooseTemplateOfQuiz" time="16.254" classname="Tests.RunningSoftware"/>
  <testcase name="tc05_AnsweringTheQuestions" time="25.979" classname="Tests.RunningSoftware"/>
  <testcase name="tc06_backToTemplate" time="0.198" classname="Tests.RunningSoftware"/>
  <testcase name="tc01_OpenLogin" time="5.306" classname="Tests.CustomShirtConfigurator"/>
  <testcase name="tc02_StartToProject" time="1.489" classname="Tests.CustomShirtConfigurator"/>
  <testcase name="tc03_OpeningPaymentFormPage" time="8.853" classname="Tests.CustomShirtConfigurator"/>
  <testcase name="tc04_ChooseYourShirtPage" time="16.233" classname="Tests.CustomShirtConfigurator"/>
  <testcase name="tc05_ShirtDimensionsPage" time="37.803" classname="Tests.CustomShirtConfigurator"/>
  <testcase name="tc01_OpenLogin" time="13.671" classname="Tests.AccountUpgrade"/>
  <testcase name="tc02_ChooseUpgrate" time="0.746" classname="Tests.AccountUpgrade"/>
  <testcase name="tc03_chooseTypeUpgrade" time="5.044" classname="Tests.AccountUpgrade"/>
  <testcase name="tc04_FillInDetails" time="5.499" classname="Tests.AccountUpgrade"/>
  <testcase name="tc01_LoginSite" time="5.19" classname="Tests.TestLoginSite"/>
  <testcase name="tc02_SignOut" time="4.824" classname="Tests.TestLoginSite"/>
  <testcase name="tc03_ForgetMyPassworf" time="5.399" classname="Tests.TestLoginSite"/>
  <testcase name="tc01_OpenLogin" time="4.408" classname="Tests.TestUserAndPassword"/>
  <testcase name="tc02_OpenLogin2" time="3.343" classname="Tests.TestUserAndPassword"/>
  <testcase name="tc02_OpenLogin2" time="3.263" classname="Tests.TestUserAndPassword"/>
  <testcase name="tc02_OpenLogin2" time="3.459" classname="Tests.TestUserAndPassword"/>
  <testcase name="tc02_OpenLogin2" time="3.481" classname="Tests.TestUserAndPassword"/>
  <testcase name="tc01_openLogin" time="5.674" classname="Tests.ShoppingOrderForm"/>
  <testcase name="tc02_startToProject" time="0.529" classname="Tests.ShoppingOrderForm"/>
  <testcase name="tc03_openingPaymentFormPage" time="8.268" classname="Tests.ShoppingOrderForm"/>
  <testcase name="tc04_chooseTypeProject" time="9.144" classname="Tests.ShoppingOrderForm"/>
  <testcase name="tc05_fillOrderFormTest" time="46.478" classname="Tests.ShoppingOrderForm"/>
  <testcase name="tc06_backToTemplate" time="0.158" classname="Tests.ShoppingOrderForm"/>
</testsuite> <!-- Test -->
