<?xml version="1.0" encoding="UTF-8"?>
<testsuite xmlns:xsi="http://www.w3.org/2001/XMLSchema-instance" xsi:noNamespaceSchemaLocation="https://maven.apache.org/surefire/maven-surefire-plugin/xsd/surefire-test-report.xsd" name="TestSuite" time="313.669" tests="29" errors="0" skipped="0" failures="0">
  <properties>
[...]
</properties>
  <testcase name="tc01_OpenLogin" classname="Tests.RunningSoftware" time="5.972"/>
  <testcase name="tc02_TestingCalculationSoftware" classname="Tests.RunningSoftware" time="0.669"/>
  <testcase name="tc03_OpeningQuizPage" classname="Tests.RunningSoftware" time="3.275"/>
  <testcase name="tc04_ChooseTemplateOfQuiz" classname="Tests.RunningSoftware" time="16.255"/>
  <testcase name="tc05_AnsweringTheQuestions" classname="Tests.RunningSoftware" time="25.98"/>
  <testcase name="tc06_backToTemplate" classname="Tests.RunningSoftware" time="0.198"/>
  <testcase name="tc01_OpenLogin" classname="Tests.CustomShirtConfigurator" time="5.306"/>
  <testcase name="tc02_StartToProject" classname="Tests.CustomShirtConfigurator" time="1.49"/>
  <testcase name="tc03_OpeningPaymentFormPage" classname="Tests.CustomShirtConfigurator" time="8.854"/>
  <testcase name="tc04_ChooseYourShirtPage" classname="Tests.CustomShirtConfigurator" time="16.234"/>
  <testcase name="tc05_ShirtDimensionsPage" classname="Tests.CustomShirtConfigurator" time="37.802"/>
  <testcase name="tc01_OpenLogin" classname="Tests.AccountUpgrade" time="13.67"/>
  <testcase name="tc02_ChooseUpgrate" classname="Tests.AccountUpgrade" time="0.747"/>
  <testcase name="tc03_chooseTypeUpgrade" classname="Tests.AccountUpgrade" time="5.044"/>
  <testcase name="tc04_FillInDetails" classname="Tests.AccountUpgrade" time="5.5"/>
  <testcase name="tc01_LoginSite" classname="Tests.TestLoginSite" time="5.191"/>
  <testcase name="tc02_SignOut" classname="Tests.TestLoginSite" time="4.825"/>
  <testcase name="tc03_ForgetMyPassworf" classname="Tests.TestLoginSite" time="5.399"/>
  <testcase name="tc01_OpenLogin" classname="Tests.TestUserAndPassword" time="4.409"/>
  <testcase name="tc02_OpenLogin2" classname="Tests.TestUserAndPassword" time="3.344"/>
  <testcase name="tc02_OpenLogin2" classname="Tests.TestUserAndPassword" time="3.264"/>
  <testcase name="tc02_OpenLogin2" classname="Tests.TestUserAndPassword" time="3.459"/>
  <testcase name="tc02_OpenLogin2" classname="Tests.TestUserAndPassword" time="3.481"/>
  <testcase name="tc01_openLogin" classname="Tests.ShoppingOrderForm" time="5.673"/>
  <testcase name="tc02_startToProject" classname="Tests.ShoppingOrderForm" time="0.528"/>
  <testcase name="tc03_openingPaymentFormPage" classname="Tests.ShoppingOrderForm" time="8.269"/>
  <testcase name="tc04_chooseTypeProject" classname="Tests.ShoppingOrderForm" time="9.144"/>
  <testcase name="tc05_fillOrderFormTest" classname="Tests.ShoppingOrderForm" time="46.478"/>
  <testcase name="tc06_backToTemplate" classname="Tests.ShoppingOrderForm" time="0.159"/>
</testsuite>